<?xml version="1.0" encoding="UTF-8"?>
<testsuite name="ParamTest" tests="3" skipped="0" failures="0" errors="0" timestamp="2022-06-10T11:37:31" hostname="DESKTOP-8SOTK3A" time="0.091">
  <properties/>
  <testcase name="1 - the value bad is true" classname="ParamTest" time="0.072"/>
  <testcase name="2 - the value sad is true" classname="ParamTest" time="0.005"/>
  <testcase name="3 - the value red is false" classname="ParamTest" time="0.001"/>
  <system-out><![CDATA[]]></system-out>
  <system-err><![CDATA[]]></system-err>
</testsuite>
